1629057079361	geckodriver	INFO	Listening on 127.0.0.1:64270
1629057079403	mozrunner::runner	INFO	Running command: "/usr/bin/firefox" "--marionette" "-foreground" "-no-remote" "-profile" "/tmp/rust_mozprofileOVP0AJ"
Unable to init server: Broadway display type not supported: dev:0
Error: cannot open display: dev:0
1629057089143	geckodriver	INFO	Listening on 127.0.0.1:53347
1629057089157	mozrunner::runner	INFO	Running command: "/usr/bin/firefox" "--marionette" "-foreground" "-no-remote" "-profile" "/tmp/rust_mozprofilexN6WzT"
Unable to init server: Broadway display type not supported: dev:0
Error: cannot open display: dev:0
1629057147391	geckodriver	INFO	Listening on 127.0.0.1:64580
1629057147432	mozrunner::runner	INFO	Running command: "/usr/bin/firefox" "--marionette" "--headless" "-foreground" "-no-remote" "-profile" "/tmp/rust_mozprofilemCU5yX"
*** You are running in headless mode.
[GFX1-]: No GPUs detected via PCI
[GFX1-]: glxtest: process failed (received signal 11)
1629057147966	Marionette	INFO	Marionette enabled
[GFX1-]: RenderCompositorSWGL failed mapping default framebuffer, no dt
console.warn: SearchSettings: "get: No settings file exists, new profile?" (new NotFoundError("Could not open the file at /tmp/rust_mozprofilemCU5yX/search.json.mozlz4", (void 0)))
1629057149692	Marionette	INFO	Listening on port 64585
1629057149768	RemoteAgent	WARN	TLS certificate errors will be ignored for this session
1629057149796	Marionette	INFO	Stopped listening on port 64585
JavaScript error: resource:///modules/Interactions.jsm, line 209: NS_ERROR_FAILURE: Component returned failure code: 0x80004005 (NS_ERROR_FAILURE) [nsIUserIdleService.removeIdleObserver]

###!!! [Parent][RunMessage] Error: Channel closing: too late to send/recv, messages will be lost

1629057202570	geckodriver	INFO	Listening on 127.0.0.1:57207
1629057202631	mozrunner::runner	INFO	Running command: "/usr/bin/firefox" "--marionette" "--headless" "-foreground" "-no-remote" "-profile" "/tmp/rust_mozprofile9D2MRS"
*** You are running in headless mode.
[GFX1-]: No GPUs detected via PCI
[GFX1-]: glxtest: process failed (received signal 11)
1629057203032	Marionette	INFO	Marionette enabled
[GFX1-]: RenderCompositorSWGL failed mapping default framebuffer, no dt
console.warn: SearchSettings: "get: No settings file exists, new profile?" (new NotFoundError("Could not open the file at /tmp/rust_mozprofile9D2MRS/search.json.mozlz4", (void 0)))
1629057204695	Marionette	INFO	Listening on port 57212
1629057204766	RemoteAgent	WARN	TLS certificate errors will be ignored for this session
1629057204787	Marionette	INFO	Stopped listening on port 57212
JavaScript error: resource:///modules/Interactions.jsm, line 209: NS_ERROR_FAILURE: Component returned failure code: 0x80004005 (NS_ERROR_FAILURE) [nsIUserIdleService.removeIdleObserver]
console.warn: services.settings: main/cfr sync interrupted by shutdown
1629058271776	geckodriver	INFO	Listening on 127.0.0.1:52676
1629058271810	mozrunner::runner	INFO	Running command: "/usr/bin/firefox" "--marionette" "--headless" "-foreground" "-no-remote" "-profile" "/tmp/rust_mozprofilelQl2UD"
*** You are running in headless mode.
[GFX1-]: No GPUs detected via PCI
[GFX1-]: glxtest: process failed (received signal 11)
1629058272261	Marionette	INFO	Marionette enabled
[GFX1-]: RenderCompositorSWGL failed mapping default framebuffer, no dt
console.warn: SearchSettings: "get: No settings file exists, new profile?" (new NotFoundError("Could not open the file at /tmp/rust_mozprofilelQl2UD/search.json.mozlz4", (void 0)))
1629058273971	Marionette	INFO	Listening on port 52681
1629058274056	RemoteAgent	WARN	TLS certificate errors will be ignored for this session
1629058275689	Marionette	INFO	Stopped listening on port 52681
JavaScript error: resource:///modules/Interactions.jsm, line 209: NS_ERROR_FAILURE: Component returned failure code: 0x80004005 (NS_ERROR_FAILURE) [nsIUserIdleService.removeIdleObserver]
JavaScript error: resource://gre/modules/UrlClassifierListManager.jsm, line 691: TypeError: this.tablesData[table] is undefined

###!!! [Parent][MessageChannel] Error: (msgtype=0x390076,name=PContent::Msg_DestroyBrowsingContextGroup) Closed channel: cannot send/recv

JavaScript error: resource://gre/modules/Sqlite.jsm, line 1030: Error: Sqlite.jsm has been shutdown. Cannot open connection to: /tmp/rust_mozprofilelQl2UD/protections.sqlite

###!!! [Parent][RunMessage] Error: Channel closing: too late to send/recv, messages will be lost

1629058328001	geckodriver	INFO	Listening on 127.0.0.1:65249
1629058328038	mozrunner::runner	INFO	Running command: "/usr/bin/firefox" "--marionette" "--headless" "-foreground" "-no-remote" "-profile" "/tmp/rust_mozprofileFRdnM6"
*** You are running in headless mode.
[GFX1-]: No GPUs detected via PCI
[GFX1-]: glxtest: process failed (received signal 11)
1629058328437	Marionette	INFO	Marionette enabled
[GFX1-]: RenderCompositorSWGL failed mapping default framebuffer, no dt
console.warn: SearchSettings: "get: No settings file exists, new profile?" (new NotFoundError("Could not open the file at /tmp/rust_mozprofileFRdnM6/search.json.mozlz4", (void 0)))
1629058330135	Marionette	INFO	Listening on port 65255
1629058330175	RemoteAgent	WARN	TLS certificate errors will be ignored for this session
1629058332501	Marionette	INFO	Stopped listening on port 65255
JavaScript error: resource:///modules/Interactions.jsm, line 209: NS_ERROR_FAILURE: Component returned failure code: 0x80004005 (NS_ERROR_FAILURE) [nsIUserIdleService.removeIdleObserver]
JavaScript error: https://secure.quantserve.com/quant.js, line 2: NS_ERROR_UNEXPECTED: 

###!!! [Parent][RunMessage] Error: Channel closing: too late to send/recv, messages will be lost

1629058349633	geckodriver	INFO	Listening on 127.0.0.1:61811
1629058349650	mozrunner::runner	INFO	Running command: "/usr/bin/firefox" "--marionette" "--headless" "-foreground" "-no-remote" "-profile" "/tmp/rust_mozprofilem3Kd3C"
*** You are running in headless mode.
[GFX1-]: No GPUs detected via PCI
[GFX1-]: glxtest: process failed (received signal 11)
1629058350044	Marionette	INFO	Marionette enabled
[GFX1-]: RenderCompositorSWGL failed mapping default framebuffer, no dt
console.warn: SearchSettings: "get: No settings file exists, new profile?" (new NotFoundError("Could not open the file at /tmp/rust_mozprofilem3Kd3C/search.json.mozlz4", (void 0)))
1629058351641	Marionette	INFO	Listening on port 61816
1629058351683	RemoteAgent	WARN	TLS certificate errors will be ignored for this session
1629058353034	Marionette	INFO	Stopped listening on port 61816
JavaScript error: resource:///modules/Interactions.jsm, line 209: NS_ERROR_FAILURE: Component returned failure code: 0x80004005 (NS_ERROR_FAILURE) [nsIUserIdleService.removeIdleObserver]

###!!! [Parent][RunMessage] Error: Channel closing: too late to send/recv, messages will be lost

1629058451014	geckodriver	INFO	Listening on 127.0.0.1:51381
1629058451044	mozrunner::runner	INFO	Running command: "/usr/bin/firefox" "--marionette" "--headless" "-foreground" "-no-remote" "-profile" "/tmp/rust_mozprofileDvqwYk"
*** You are running in headless mode.
[GFX1-]: No GPUs detected via PCI
[GFX1-]: glxtest: process failed (received signal 11)
1629058451455	Marionette	INFO	Marionette enabled
[GFX1-]: RenderCompositorSWGL failed mapping default framebuffer, no dt
console.warn: SearchSettings: "get: No settings file exists, new profile?" (new NotFoundError("Could not open the file at /tmp/rust_mozprofileDvqwYk/search.json.mozlz4", (void 0)))
1629058453129	Marionette	INFO	Listening on port 51386
1629058453179	RemoteAgent	WARN	TLS certificate errors will be ignored for this session
1629058459092	Marionette	INFO	Stopped listening on port 51386
JavaScript error: resource:///modules/Interactions.jsm, line 209: NS_ERROR_FAILURE: Component returned failure code: 0x80004005 (NS_ERROR_FAILURE) [nsIUserIdleService.removeIdleObserver]
JavaScript error: https://secure.quantserve.com/quant.js, line 2: NS_ERROR_UNEXPECTED: 

###!!! [Parent][RunMessage] Error: Channel closing: too late to send/recv, messages will be lost

1629063633983	geckodriver	INFO	Listening on 127.0.0.1:65355
1629063634049	mozrunner::runner	INFO	Running command: "/usr/bin/firefox" "--marionette" "--headless" "-foreground" "-no-remote" "-profile" "/tmp/rust_mozprofileVDEzFD"
*** You are running in headless mode.
[GFX1-]: No GPUs detected via PCI
[GFX1-]: glxtest: process failed (received signal 11)
1629063634450	Marionette	INFO	Marionette enabled
[GFX1-]: RenderCompositorSWGL failed mapping default framebuffer, no dt
console.warn: SearchSettings: "get: No settings file exists, new profile?" (new NotFoundError("Could not open the file at /tmp/rust_mozprofileVDEzFD/search.json.mozlz4", (void 0)))
1629063636117	Marionette	INFO	Listening on port 65360
1629063636190	RemoteAgent	WARN	TLS certificate errors will be ignored for this session
1629063637935	Marionette	INFO	Stopped listening on port 65360
JavaScript error: resource://gre/modules/UrlClassifierListManager.jsm, line 691: TypeError: this.tablesData[table] is undefined
JavaScript error: resource:///modules/Interactions.jsm, line 209: NS_ERROR_FAILURE: Component returned failure code: 0x80004005 (NS_ERROR_FAILURE) [nsIUserIdleService.removeIdleObserver]
JavaScript error: https://secure.quantserve.com/quant.js, line 2: NS_ERROR_UNEXPECTED: 

###!!! [Parent][RunMessage] Error: Channel closing: too late to send/recv, messages will be lost

1629063650996	geckodriver	INFO	Listening on 127.0.0.1:49546
1629063651025	mozrunner::runner	INFO	Running command: "/usr/bin/firefox" "--marionette" "--headless" "-foreground" "-no-remote" "-profile" "/tmp/rust_mozprofileY3YLv5"
*** You are running in headless mode.
[GFX1-]: No GPUs detected via PCI
[GFX1-]: glxtest: process failed (received signal 11)
1629063651424	Marionette	INFO	Marionette enabled
[GFX1-]: RenderCompositorSWGL failed mapping default framebuffer, no dt
console.warn: SearchSettings: "get: No settings file exists, new profile?" (new NotFoundError("Could not open the file at /tmp/rust_mozprofileY3YLv5/search.json.mozlz4", (void 0)))
1629063652957	Marionette	INFO	Listening on port 49551
1629063653061	RemoteAgent	WARN	TLS certificate errors will be ignored for this session
1629063655576	Marionette	INFO	Stopped listening on port 49551
JavaScript error: resource:///modules/Interactions.jsm, line 209: NS_ERROR_FAILURE: Component returned failure code: 0x80004005 (NS_ERROR_FAILURE) [nsIUserIdleService.removeIdleObserver]

###!!! [Parent][RunMessage] Error: Channel closing: too late to send/recv, messages will be lost

1629063675957	geckodriver	INFO	Listening on 127.0.0.1:49736
1629063675985	mozrunner::runner	INFO	Running command: "/usr/bin/firefox" "--marionette" "--headless" "-foreground" "-no-remote" "-profile" "/tmp/rust_mozprofile8kB20L"
*** You are running in headless mode.
[GFX1-]: No GPUs detected via PCI
[GFX1-]: glxtest: process failed (received signal 11)
1629063676389	Marionette	INFO	Marionette enabled
[GFX1-]: RenderCompositorSWGL failed mapping default framebuffer, no dt
console.warn: SearchSettings: "get: No settings file exists, new profile?" (new NotFoundError("Could not open the file at /tmp/rust_mozprofile8kB20L/search.json.mozlz4", (void 0)))
1629063678067	Marionette	INFO	Listening on port 49741
1629063678122	RemoteAgent	WARN	TLS certificate errors will be ignored for this session
1629063679517	Marionette	INFO	Stopped listening on port 49741
JavaScript error: resource:///modules/Interactions.jsm, line 209: NS_ERROR_FAILURE: Component returned failure code: 0x80004005 (NS_ERROR_FAILURE) [nsIUserIdleService.removeIdleObserver]
JavaScript error: resource://gre/modules/AsyncShutdown.jsm, line 718: Error: Phase "Sqlite.jsm: wait until all connections are closed" is finished, it is too late to register completion condition "protections.sqlite#0: waiting for shutdown"

###!!! [Parent][RunMessage] Error: Channel closing: too late to send/recv, messages will be lost

1629063797215	geckodriver	INFO	Listening on 127.0.0.1:61462
1629063797247	mozrunner::runner	INFO	Running command: "/usr/bin/firefox" "--marionette" "--headless" "-foreground" "-no-remote" "-profile" "/tmp/rust_mozprofilec7mRXb"
*** You are running in headless mode.
[GFX1-]: No GPUs detected via PCI
[GFX1-]: glxtest: process failed (received signal 11)
1629063797650	Marionette	INFO	Marionette enabled
[GFX1-]: RenderCompositorSWGL failed mapping default framebuffer, no dt
console.warn: SearchSettings: "get: No settings file exists, new profile?" (new NotFoundError("Could not open the file at /tmp/rust_mozprofilec7mRXb/search.json.mozlz4", (void 0)))
1629063799266	Marionette	INFO	Listening on port 61467
1629063799378	RemoteAgent	WARN	TLS certificate errors will be ignored for this session
JavaScript warning: https://pagead2.googlesyndication.com/bg/gNlTKBZ5R8AAOiwGb4ScEkJ-hJdRSD5i8Nb9VbYnj7U.js line 1 > eval line 7387 > eval line 1 > eval, line 1: WebGL warning: <Create>: WebglAllowWindowsNativeGl:false restricts context creation on this system.
JavaScript warning: https://pagead2.googlesyndication.com/bg/gNlTKBZ5R8AAOiwGb4ScEkJ-hJdRSD5i8Nb9VbYnj7U.js line 1 > eval line 7387 > eval line 1 > eval, line 1: Failed to create WebGL context: WebGL creation failed: 
* WebglAllowWindowsNativeGl:false restricts context creation on this system. ()
* Exhausted GL driver options. (FEATURE_FAILURE_WEBGL_EXHAUSTED_DRIVERS)
1629063804289	Marionette	INFO	Stopped listening on port 61467
JavaScript error: resource:///modules/Interactions.jsm, line 209: NS_ERROR_FAILURE: Component returned failure code: 0x80004005 (NS_ERROR_FAILURE) [nsIUserIdleService.removeIdleObserver]
JavaScript error: https://secure.quantserve.com/quant.js, line 2: NS_ERROR_UNEXPECTED: 
JavaScript error: , line 0: TypeError: NetworkError when attempting to fetch resource.
JavaScript error: , line 0: uncaught exception: undefined

###!!! [Parent][RunMessage] Error: Channel closing: too late to send/recv, messages will be lost

1629063816534	geckodriver	INFO	Listening on 127.0.0.1:63979
1629063816548	mozrunner::runner	INFO	Running command: "/usr/bin/firefox" "--marionette" "--headless" "-foreground" "-no-remote" "-profile" "/tmp/rust_mozprofiledynQBo"
*** You are running in headless mode.
[GFX1-]: No GPUs detected via PCI
[GFX1-]: glxtest: process failed (received signal 11)
1629063816948	Marionette	INFO	Marionette enabled
[GFX1-]: RenderCompositorSWGL failed mapping default framebuffer, no dt
console.warn: SearchSettings: "get: No settings file exists, new profile?" (new NotFoundError("Could not open the file at /tmp/rust_mozprofiledynQBo/search.json.mozlz4", (void 0)))
1629063818619	Marionette	INFO	Listening on port 63984
1629063818680	RemoteAgent	WARN	TLS certificate errors will be ignored for this session
1629063820623	Marionette	INFO	Stopped listening on port 63984
JavaScript error: resource:///modules/Interactions.jsm, line 209: NS_ERROR_FAILURE: Component returned failure code: 0x80004005 (NS_ERROR_FAILURE) [nsIUserIdleService.removeIdleObserver]
JavaScript error: https://secure.quantserve.com/quant.js, line 2: NS_ERROR_UNEXPECTED: 

###!!! [Parent][RunMessage] Error: Channel closing: too late to send/recv, messages will be lost

1629063863420	geckodriver	INFO	Listening on 127.0.0.1:57207
1629063863479	mozrunner::runner	INFO	Running command: "/usr/bin/firefox" "--marionette" "--headless" "-foreground" "-no-remote" "-profile" "/tmp/rust_mozprofileWVJAl6"
*** You are running in headless mode.
[GFX1-]: No GPUs detected via PCI
[GFX1-]: glxtest: process failed (received signal 11)
1629063863873	Marionette	INFO	Marionette enabled
[GFX1-]: RenderCompositorSWGL failed mapping default framebuffer, no dt
console.warn: SearchSettings: "get: No settings file exists, new profile?" (new NotFoundError("Could not open the file at /tmp/rust_mozprofileWVJAl6/search.json.mozlz4", (void 0)))
1629063865431	Marionette	INFO	Listening on port 57212
1629063865512	RemoteAgent	WARN	TLS certificate errors will be ignored for this session
1629063868542	Marionette	INFO	Stopped listening on port 57212
JavaScript error: resource:///modules/Interactions.jsm, line 209: NS_ERROR_FAILURE: Component returned failure code: 0x80004005 (NS_ERROR_FAILURE) [nsIUserIdleService.removeIdleObserver]
JavaScript error: , line 0: uncaught exception: undefined

###!!! [Parent][RunMessage] Error: Channel closing: too late to send/recv, messages will be lost

1629063879417	geckodriver	INFO	Listening on 127.0.0.1:57094
1629063879431	mozrunner::runner	INFO	Running command: "/usr/bin/firefox" "--marionette" "--headless" "-foreground" "-no-remote" "-profile" "/tmp/rust_mozprofile5bXGZM"
*** You are running in headless mode.
[GFX1-]: No GPUs detected via PCI
[GFX1-]: glxtest: process failed (received signal 11)
1629063879843	Marionette	INFO	Marionette enabled
[GFX1-]: RenderCompositorSWGL failed mapping default framebuffer, no dt
console.warn: SearchSettings: "get: No settings file exists, new profile?" (new NotFoundError("Could not open the file at /tmp/rust_mozprofile5bXGZM/search.json.mozlz4", (void 0)))
1629063881428	Marionette	INFO	Listening on port 57099
1629063881470	RemoteAgent	WARN	TLS certificate errors will be ignored for this session
1629063884469	Marionette	INFO	Stopped listening on port 57099
JavaScript error: resource:///modules/Interactions.jsm, line 209: NS_ERROR_FAILURE: Component returned failure code: 0x80004005 (NS_ERROR_FAILURE) [nsIUserIdleService.removeIdleObserver]

###!!! [Parent][RunMessage] Error: Channel closing: too late to send/recv, messages will be lost

1629063993095	geckodriver	INFO	Listening on 127.0.0.1:60783
1629063993114	mozrunner::runner	INFO	Running command: "/usr/bin/firefox" "--marionette" "--headless" "-foreground" "-no-remote" "-profile" "/tmp/rust_mozprofilegns2Hi"
*** You are running in headless mode.
[GFX1-]: No GPUs detected via PCI
[GFX1-]: glxtest: process failed (received signal 11)
1629063993516	Marionette	INFO	Marionette enabled
[GFX1-]: RenderCompositorSWGL failed mapping default framebuffer, no dt
console.warn: SearchSettings: "get: No settings file exists, new profile?" (new NotFoundError("Could not open the file at /tmp/rust_mozprofilegns2Hi/search.json.mozlz4", (void 0)))
1629063995091	Marionette	INFO	Listening on port 60788
1629063995144	RemoteAgent	WARN	TLS certificate errors will be ignored for this session
1629063997402	Marionette	INFO	Stopped listening on port 60788
JavaScript error: resource:///modules/Interactions.jsm, line 209: NS_ERROR_FAILURE: Component returned failure code: 0x80004005 (NS_ERROR_FAILURE) [nsIUserIdleService.removeIdleObserver]
1629064145048	geckodriver	INFO	Listening on 127.0.0.1:55245
1629064145079	mozrunner::runner	INFO	Running command: "/usr/bin/firefox" "--marionette" "--headless" "-foreground" "-no-remote" "-profile" "/tmp/rust_mozprofileAjRhh6"
*** You are running in headless mode.
[GFX1-]: No GPUs detected via PCI
[GFX1-]: glxtest: process failed (received signal 11)
1629064145474	Marionette	INFO	Marionette enabled
[GFX1-]: RenderCompositorSWGL failed mapping default framebuffer, no dt
console.warn: SearchSettings: "get: No settings file exists, new profile?" (new NotFoundError("Could not open the file at /tmp/rust_mozprofileAjRhh6/search.json.mozlz4", (void 0)))
1629064147084	Marionette	INFO	Listening on port 55250
1629064147116	RemoteAgent	WARN	TLS certificate errors will be ignored for this session
1629064148827	Marionette	INFO	Stopped listening on port 55250
JavaScript error: resource:///modules/Interactions.jsm, line 209: NS_ERROR_FAILURE: Component returned failure code: 0x80004005 (NS_ERROR_FAILURE) [nsIUserIdleService.removeIdleObserver]

###!!! [Parent][RunMessage] Error: Channel closing: too late to send/recv, messages will be lost

1629064249411	geckodriver	INFO	Listening on 127.0.0.1:49978
1629064249427	mozrunner::runner	INFO	Running command: "/usr/bin/firefox" "--marionette" "--headless" "-foreground" "-no-remote" "-profile" "/tmp/rust_mozprofileovDfje"
*** You are running in headless mode.
[GFX1-]: No GPUs detected via PCI
[GFX1-]: glxtest: process failed (received signal 11)
1629064249829	Marionette	INFO	Marionette enabled
[GFX1-]: RenderCompositorSWGL failed mapping default framebuffer, no dt
console.warn: SearchSettings: "get: No settings file exists, new profile?" (new NotFoundError("Could not open the file at /tmp/rust_mozprofileovDfje/search.json.mozlz4", (void 0)))
1629064251378	Marionette	INFO	Listening on port 49983
1629064251478	RemoteAgent	WARN	TLS certificate errors will be ignored for this session
JavaScript warning: https://pagead2.googlesyndication.com/bg/gNlTKBZ5R8AAOiwGb4ScEkJ-hJdRSD5i8Nb9VbYnj7U.js line 1 > eval line 7526 > eval, line 1: WebGL warning: <Create>: WebglAllowWindowsNativeGl:false restricts context creation on this system.
JavaScript warning: https://pagead2.googlesyndication.com/bg/gNlTKBZ5R8AAOiwGb4ScEkJ-hJdRSD5i8Nb9VbYnj7U.js line 1 > eval line 7526 > eval, line 1: Failed to create WebGL context: WebGL creation failed: 
* WebglAllowWindowsNativeGl:false restricts context creation on this system. ()
* Exhausted GL driver options. (FEATURE_FAILURE_WEBGL_EXHAUSTED_DRIVERS)
1629064254927	Marionette	INFO	Stopped listening on port 49983
JavaScript error: resource:///modules/Interactions.jsm, line 209: NS_ERROR_FAILURE: Component returned failure code: 0x80004005 (NS_ERROR_FAILURE) [nsIUserIdleService.removeIdleObserver]
JavaScript error: https://tpc.googlesyndication.com/sodar/Enqz_20U.html, line 35: NS_ERROR_NOT_INITIALIZED: 
JavaScript error: https://s0.2mdn.net/879366/express_html_inpage_rendering_lib_200_273.js, line 154: TypeError: e.g is not a function
JavaScript error: , line 0: TypeError: NetworkError when attempting to fetch resource.

###!!! [Parent][RunMessage] Error: Channel closing: too late to send/recv, messages will be lost

